# JRE version: OpenJDK Runtime Environment (17.0.7) (build 17.0.7+0-b2043.56-10550314)
# Java VM: OpenJDK 64-Bit Server VM (17.0.7+0-b2043.56-10550314, mixed mode, tiered, compressed oops, compressed class ptrs, g1 gc, windows-amd64)
GC Precious Log:
 CPUs: 12 total, 12 available
 Memory: 32675M
 Large Page Support: Disabled
 NUMA Support: Disabled
 Compressed Oops: Enabled (32-bit)
 Heap Region Size: 1M
 Heap Min Capacity: 8M
 Heap Initial Capacity: 512M
 Heap Max Capacity: 2G
 Pre-touch: Disabled
 Parallel Workers: 10
 Concurrent Workers: 3
 Concurrent Refinement Workers: 10
 Periodic GC: Disabled
Heap:
 garbage-first heap   total 358400K, used 195173K [0x0000000080000000, 0x0000000100000000)
  region size 1024K, 2 young (2048K), 2 survivors (2048K)
 Metaspace       used 192848K, committed 193792K, reserved 1245184K
  class space    used 25903K, committed 26368K, reserved 1048576K
GC Heap History (20 events):
Event: 37.032 GC heap after
{Heap after GC invocations=40 (full 0):
 garbage-first heap   total 276480K, used 179097K [0x0000000080000000, 0x0000000100000000)
  region size 1024K, 7 young (7168K), 7 survivors (7168K)
 Metaspace       used 171102K, committed 172032K, reserved 1245184K
  class space    used 22311K, committed 22784K, reserved 1048576K
}
Event: 37.323 GC heap before
{Heap before GC invocations=40 (full 0):
 garbage-first heap   total 276480K, used 234393K [0x0000000080000000, 0x0000000100000000)
  region size 1024K, 62 young (63488K), 7 survivors (7168K)
 Metaspace       used 173607K, committed 174528K, reserved 1245184K
  class space    used 22593K, committed 23040K, reserved 1048576K
}
Event: 37.332 GC heap after
{Heap after GC invocations=41 (full 0):
 garbage-first heap   total 276480K, used 180120K [0x0000000080000000, 0x0000000100000000)
  region size 1024K, 5 young (5120K), 5 survivors (5120K)
 Metaspace       used 173607K, committed 174528K, reserved 1245184K
  class space    used 22593K, committed 23040K, reserved 1048576K
}
Event: 37.715 GC heap before
{Heap before GC invocations=41 (full 0):
 garbage-first heap   total 276480K, used 236440K [0x0000000080000000, 0x0000000100000000)
  region size 1024K, 61 young (62464K), 5 survivors (5120K)
 Metaspace       used 174003K, committed 174912K, reserved 1245184K
  class space    used 22598K, committed 23040K, reserved 1048576K
}
Event: 37.721 GC heap after
{Heap after GC invocations=42 (full 0):
 garbage-first heap   total 276480K, used 179913K [0x0000000080000000, 0x0000000100000000)
  region size 1024K, 5 young (5120K), 5 survivors (5120K)
 Metaspace       used 174003K, committed 174912K, reserved 1245184K
  class space    used 22598K, committed 23040K, reserved 1048576K
}
Event: 38.784 GC heap before
{Heap before GC invocations=42 (full 0):
 garbage-first heap   total 276480K, used 238281K [0x0000000080000000, 0x0000000100000000)
  region size 1024K, 63 young (64512K), 5 survivors (5120K)
 Metaspace       used 176584K, committed 177536K, reserved 1245184K
  class space    used 22904K, committed 23360K, reserved 1048576K
}
Event: 38.793 GC heap after
{Heap after GC invocations=43 (full 0):
 garbage-first heap   total 276480K, used 182246K [0x0000000080000000, 0x0000000100000000)
  region size 1024K, 7 young (7168K), 7 survivors (7168K)
 Metaspace       used 176584K, committed 177536K, reserved 1245184K
  class space    used 22904K, committed 23360K, reserved 1048576K
}
Event: 39.375 GC heap before
{Heap before GC invocations=43 (full 0):
 garbage-first heap   total 276480K, used 237542K [0x0000000080000000, 0x0000000100000000)
  region size 1024K, 62 young (63488K), 7 survivors (7168K)
 Metaspace       used 177477K, committed 178368K, reserved 1245184K
  class space    used 23035K, committed 23488K, reserved 1048576K
}
Event: 39.388 GC heap after
{Heap after GC invocations=44 (full 0):
 garbage-first heap   total 276480K, used 184629K [0x0000000080000000, 0x0000000100000000)
  region size 1024K, 7 young (7168K), 7 survivors (7168K)
 Metaspace       used 177477K, committed 178368K, reserved 1245184K
  class space    used 23035K, committed 23488K, reserved 1048576K
}
Event: 40.653 GC heap before
{Heap before GC invocations=44 (full 0):
 garbage-first heap   total 276480K, used 237877K [0x0000000080000000, 0x0000000100000000)
  region size 1024K, 60 young (61440K), 7 survivors (7168K)
 Metaspace       used 181918K, committed 182848K, reserved 1245184K
  class space    used 23788K, committed 24256K, reserved 1048576K
}
Event: 40.672 GC heap after
{Heap after GC invocations=45 (full 0):
 garbage-first heap   total 276480K, used 188872K [0x0000000080000000, 0x0000000100000000)
  region size 1024K, 7 young (7168K), 7 survivors (7168K)
 Metaspace       used 181918K, committed 182848K, reserved 1245184K
  class space    used 23788K, committed 24256K, reserved 1048576K
}
Event: 41.505 GC heap before
{Heap before GC invocations=45 (full 0):
 garbage-first heap   total 276480K, used 237000K [0x0000000080000000, 0x0000000100000000)
  region size 1024K, 55 young (56320K), 7 survivors (7168K)
 Metaspace       used 186582K, committed 187584K, reserved 1245184K
  class space    used 24537K, committed 25024K, reserved 1048576K
}
Event: 41.522 GC heap after
{Heap after GC invocations=46 (full 0):
 garbage-first heap   total 276480K, used 192307K [0x0000000080000000, 0x0000000100000000)
  region size 1024K, 5 young (5120K), 5 survivors (5120K)
 Metaspace       used 186582K, committed 187584K, reserved 1245184K
  class space    used 24537K, committed 25024K, reserved 1048576K
}
Event: 42.077 GC heap before
{Heap before GC invocations=46 (full 0):
 garbage-first heap   total 276480K, used 236339K [0x0000000080000000, 0x0000000100000000)
  region size 1024K, 49 young (50176K), 5 survivors (5120K)
 Metaspace       used 189684K, committed 190720K, reserved 1245184K
  class space    used 25311K, committed 25792K, reserved 1048576K
}
Event: 42.094 GC heap after
{Heap after GC invocations=47 (full 0):
 garbage-first heap   total 276480K, used 199162K [0x0000000080000000, 0x0000000100000000)
  region size 1024K, 7 young (7168K), 7 survivors (7168K)
 Metaspace       used 189684K, committed 190720K, reserved 1245184K
  class space    used 25311K, committed 25792K, reserved 1048576K
}
Event: 42.285 GC heap before
{Heap before GC invocations=47 (full 0):
 garbage-first heap   total 276480K, used 216570K [0x0000000080000000, 0x0000000100000000)
  region size 1024K, 26 young (26624K), 7 survivors (7168K)
 Metaspace       used 190300K, committed 191296K, reserved 1245184K
  class space    used 25418K, committed 25920K, reserved 1048576K
}
Event: 42.297 GC heap after
{Heap after GC invocations=48 (full 0):
 garbage-first heap   total 276480K, used 200943K [0x0000000080000000, 0x0000000100000000)
  region size 1024K, 4 young (4096K), 4 survivors (4096K)
 Metaspace       used 190300K, committed 191296K, reserved 1245184K
  class space    used 25418K, committed 25920K, reserved 1048576K
}
Event: 43.448 GC heap before
{Heap before GC invocations=49 (full 0):
 garbage-first heap   total 358400K, used 228591K [0x0000000080000000, 0x0000000100000000)
  region size 1024K, 32 young (32768K), 4 survivors (4096K)
 Metaspace       used 192118K, committed 193088K, reserved 1245184K
  class space    used 25789K, committed 26240K, reserved 1048576K
}
Event: 43.465 GC heap after
{Heap after GC invocations=50 (full 0):
 garbage-first heap   total 358400K, used 202862K [0x0000000080000000, 0x0000000100000000)
  region size 1024K, 4 young (4096K), 4 survivors (4096K)
 Metaspace       used 192118K, committed 193088K, reserved 1245184K
  class space    used 25789K, committed 26240K, reserved 1048576K
}
Event: 43.682 GC heap before
{Heap before GC invocations=50 (full 0):
 garbage-first heap   total 358400K, used 216174K [0x0000000080000000, 0x0000000100000000)
  region size 1024K, 17 young (17408K), 4 survivors (4096K)
 Metaspace       used 192848K, committed 193792K, reserved 1245184K
  class space    used 25903K, committed 26368K, reserved 1048576K
}

